<?xml version="1.0" encoding="UTF-8"?>
<!-- Generated by org.testng.reporters.JUnitXMLReporter -->
<testsuite hostname="globallogic-HP-ProBook-640-G5" ignored="0" name="Default test" tests="4" failures="0" timestamp="29 Sep 2019 10:07:14 GMT" time="2.33" errors="0">
  <testcase name="badRequestTestCase" time="1.098" classname="com.qa.apitests.GetTestActual"/>
  <testcase name="getTestCase" time="0.495" classname="com.qa.apitests.GetTestActual"/>
  <testcase name="postTestCase" time="0.286" classname="com.qa.apitests.GetTestActual"/>
  <testcase name="putTestCase" time="0.419" classname="com.qa.apitests.GetTestActual"/>
</testsuite> <!-- Default test -->
