<?xml version="1.0" encoding="UTF-8"?>
<testng-results skipped="0" failed="0" ignored="0" total="4" passed="4">
  <reporter-output>
  </reporter-output>
  <suite name="APITests" duration-ms="3626" started-at="2019-09-29T03:19:27Z" finished-at="2019-09-29T03:19:30Z">
    <groups>
    </groups>
    <test name="APITests" duration-ms="3626" started-at="2019-09-29T03:19:27Z" finished-at="2019-09-29T03:19:30Z">
      <class name="com.qa.apitests.GetTestActual">
        <test-method status="PASS" signature="badRequestTestCase()[pri:0, instance:com.qa.apitests.GetTestActual@7ff95560]" name="badRequestTestCase" duration-ms="1519" started-at="2019-09-29T08:49:27Z" finished-at="2019-09-29T08:49:28Z">
          <reporter-output>
          </reporter-output>
        </test-method> <!-- badRequestTestCase -->
        <test-method status="PASS" signature="getTestCase()[pri:0, instance:com.qa.apitests.GetTestActual@7ff95560]" name="getTestCase" duration-ms="963" started-at="2019-09-29T08:49:28Z" finished-at="2019-09-29T08:49:29Z">
          <reporter-output>
          </reporter-output>
        </test-method> <!-- getTestCase -->
        <test-method status="PASS" signature="postTestCase()[pri:0, instance:com.qa.apitests.GetTestActual@7ff95560]" name="postTestCase" duration-ms="511" started-at="2019-09-29T08:49:29Z" finished-at="2019-09-29T08:49:30Z">
          <reporter-output>
          </reporter-output>
        </test-method> <!-- postTestCase -->
        <test-method status="PASS" signature="putTestCase()[pri:0, instance:com.qa.apitests.GetTestActual@7ff95560]" name="putTestCase" duration-ms="616" started-at="2019-09-29T08:49:30Z" finished-at="2019-09-29T08:49:30Z">
          <reporter-output>
          </reporter-output>
        </test-method> <!-- putTestCase -->
      </class> <!-- com.qa.apitests.GetTestActual -->
    </test> <!-- APITests -->
  </suite> <!-- APITests -->
</testng-results>
