<?xml version="1.0" encoding="UTF-8"?>
<testng-results skipped="0" failed="0" ignored="0" total="2" passed="2">
  <reporter-output>
  </reporter-output>
  <suite name="APITests" duration-ms="2298" started-at="2019-09-25T16:06:02Z" finished-at="2019-09-25T16:06:04Z">
    <groups>
    </groups>
    <test name="APITests" duration-ms="2298" started-at="2019-09-25T16:06:02Z" finished-at="2019-09-25T16:06:04Z">
      <class name="com.qa.apitests.PostTest">
        <test-method status="PASS" signature="setUp()[pri:0, instance:com.qa.apitests.PostTest@17c68925]" name="setUp" is-config="true" duration-ms="0" started-at="2019-09-25T21:36:03Z" finished-at="2019-09-25T21:36:03Z">
          <reporter-output>
          </reporter-output>
        </test-method> <!-- setUp -->
        <test-method status="PASS" signature="postTestCase()[pri:0, instance:com.qa.apitests.PostTest@17c68925]" name="postTestCase" duration-ms="1324" started-at="2019-09-25T21:36:03Z" finished-at="2019-09-25T21:36:04Z">
          <reporter-output>
          </reporter-output>
        </test-method> <!-- postTestCase -->
      </class> <!-- com.qa.apitests.PostTest -->
      <class name="com.qa.apitests.GetTest">
        <test-method status="PASS" signature="setUp()[pri:0, instance:com.qa.apitests.GetTest@19dfb72a]" name="setUp" is-config="true" duration-ms="5" started-at="2019-09-25T21:36:02Z" finished-at="2019-09-25T21:36:02Z">
          <reporter-output>
          </reporter-output>
        </test-method> <!-- setUp -->
        <test-method status="PASS" signature="getTestCase()[pri:0, instance:com.qa.apitests.GetTest@19dfb72a]" name="getTestCase" duration-ms="953" started-at="2019-09-25T21:36:02Z" finished-at="2019-09-25T21:36:03Z">
          <reporter-output>
          </reporter-output>
        </test-method> <!-- getTestCase -->
      </class> <!-- com.qa.apitests.GetTest -->
    </test> <!-- APITests -->
  </suite> <!-- APITests -->
</testng-results>
