<?xml version="1.0" encoding="UTF-8"?>
<testsuite xmlns:xsi="http://www.w3.org/2001/XMLSchema-instance" xsi:noNamespaceSchemaLocation="https://maven.apache.org/surefire/maven-surefire-plugin/xsd/surefire-test-report-3.0.xsd" version="3.0" name="TestSuite" time="4.351" tests="4" errors="0" skipped="0" failures="0">
  <properties>
[...]
</properties>
  <testcase name="badRequestTestCase" classname="com.qa.apitests.GetTestActual" time="1.518"/>
  <testcase name="getTestCase" classname="com.qa.apitests.GetTestActual" time="0.963"/>
  <testcase name="postTestCase" classname="com.qa.apitests.GetTestActual" time="0.511"/>
  <testcase name="putTestCase" classname="com.qa.apitests.GetTestActual" time="0.616"/>
</testsuite>