<?xml version="1.0" encoding="UTF-8"?>
<testng-results skipped="0" failed="0" ignored="0" total="4" passed="4">
  <reporter-output>
  </reporter-output>
  <suite name="Default suite" duration-ms="2330" started-at="2019-09-29T10:07:12Z" finished-at="2019-09-29T10:07:14Z">
    <groups>
    </groups>
    <test name="Default test" duration-ms="2330" started-at="2019-09-29T10:07:12Z" finished-at="2019-09-29T10:07:14Z">
      <class name="com.qa.apitests.GetTestActual">
        <test-method status="PASS" signature="badRequestTestCase()[pri:0, instance:com.qa.apitests.GetTestActual@659a969b]" name="badRequestTestCase" duration-ms="1098" started-at="2019-09-29T15:37:12Z" finished-at="2019-09-29T15:37:13Z">
          <reporter-output>
          </reporter-output>
        </test-method> <!-- badRequestTestCase -->
        <test-method status="PASS" signature="getTestCase()[pri:0, instance:com.qa.apitests.GetTestActual@659a969b]" name="getTestCase" duration-ms="495" started-at="2019-09-29T15:37:13Z" finished-at="2019-09-29T15:37:14Z">
          <reporter-output>
          </reporter-output>
        </test-method> <!-- getTestCase -->
        <test-method status="PASS" signature="postTestCase()[pri:0, instance:com.qa.apitests.GetTestActual@659a969b]" name="postTestCase" duration-ms="286" started-at="2019-09-29T15:37:14Z" finished-at="2019-09-29T15:37:14Z">
          <reporter-output>
          </reporter-output>
        </test-method> <!-- postTestCase -->
        <test-method status="PASS" signature="putTestCase()[pri:0, instance:com.qa.apitests.GetTestActual@659a969b]" name="putTestCase" duration-ms="419" started-at="2019-09-29T15:37:14Z" finished-at="2019-09-29T15:37:14Z">
          <reporter-output>
          </reporter-output>
        </test-method> <!-- putTestCase -->
      </class> <!-- com.qa.apitests.GetTestActual -->
    </test> <!-- Default test -->
  </suite> <!-- Default suite -->
</testng-results>
