<?xml version="1.0" encoding="UTF-8"?>
<testng-results skipped="0" failed="0" ignored="0" total="1" passed="1">
  <reporter-output>
  </reporter-output>
  <suite name="Default suite" duration-ms="523976" started-at="2019-09-26T16:41:15Z" finished-at="2019-09-26T16:49:59Z">
    <groups>
    </groups>
    <test name="Default test" duration-ms="523976" started-at="2019-09-26T16:41:15Z" finished-at="2019-09-26T16:49:59Z">
      <class name="com.qa.apitests.GetTestActual">
        <test-method status="PASS" signature="getTestCase()[pri:0, instance:com.qa.apitests.GetTestActual@30b6ffe0]" name="getTestCase" duration-ms="523951" started-at="2019-09-26T22:11:15Z" finished-at="2019-09-26T22:19:59Z">
          <reporter-output>
          </reporter-output>
        </test-method> <!-- getTestCase -->
      </class> <!-- com.qa.apitests.GetTestActual -->
    </test> <!-- Default test -->
  </suite> <!-- Default suite -->
</testng-results>
